<?xml version="1.0" encoding="UTF-8"?>
<!-- Generated by org.testng.reporters.JUnitReportReporter -->
<testsuite hostname="DESKTOP-8USH01D" failures="0" tests="1" name="test_Scripts.ProductDeatilsTest" time="53.311" errors="0" timestamp="2022-12-01T09:07:54 IST" skipped="0">
  <testcase classname="test_Scripts.ProductDeatilsTest" name="validateProductDetails" time="53.311"/>
  <system-out/>
</testsuite> <!-- test_Scripts.ProductDeatilsTest -->
